[2015-05-01 20:45:16] START
[2015-05-01 20:50:47] CREATE db2.py: 0
[2015-05-01 20:54:32] EDIT main/models/db2.py: 32
[2015-05-01 20:55:36] EDIT main/models/db2.py: -1
[2015-05-01 20:59:41] EDIT main/models/db2.py: 0
[2015-05-01 21:16:37] EDIT main/models/db2.py: 0
[2015-05-01 21:17:14] EDIT main/models/db2.py: 0
[2015-05-02 01:37:45] EDIT main/models/db2.py: 0
[2015-05-02 01:38:01] EDIT main/models/db2.py: 0
[2015-05-02 01:45:57] EDIT main/models/db2.py: 0
[2015-05-02 01:46:16] EDIT main/models/db2.py: 0
[2015-05-02 01:46:17] EDIT main/models/db2.py: 0
[2015-05-02 01:46:18] EDIT main/models/db2.py: 0
[2015-05-02 01:46:23] EDIT main/models/db2.py: 0
[2015-05-02 01:46:48] EDIT main/models/db2.py: 0
[2015-05-02 01:52:09] EDIT main/models/db2.py: 0
[2015-05-02 01:52:48] EDIT main/models/db2.py: 0
[2015-05-02 01:56:56] EDIT main/views/default/index.html: -48
[2015-05-02 02:09:07] UPLOAD /home/lashit/web2py/web2py/applications/main/static/food.jpg: 330
[2015-05-02 02:12:20] EDIT main/views/default/index.html: 0
[2015-05-02 02:13:34] EDIT main/controllers/default.py: 0
[2015-05-02 02:14:24] EDIT main/views/default/index.html: 3
[2015-05-02 02:14:51] EDIT main/controllers/default.py: 0
[2015-05-02 02:14:54] EDIT main/views/default/index.html: 0
[2015-05-02 02:15:33] EDIT main/views/default/index.html: 0
[2015-05-02 02:21:23] EDIT main/views/default/index.html: 0
[2015-05-02 02:21:38] EDIT main/views/default/index.html: 0
[2015-05-02 02:21:55] EDIT main/views/default/index.html: 0
[2015-05-02 02:22:09] EDIT main/views/default/index.html: 0
[2015-05-02 02:22:24] EDIT main/views/default/index.html: 0
[2015-05-02 02:24:26] EDIT main/views/default/index.html: 4
[2015-05-02 02:24:41] EDIT main/views/default/index.html: 0
[2015-05-02 02:25:33] EDIT main/views/default/index.html: 0
[2015-05-02 02:26:10] EDIT main/views/default/index.html: -4
[2015-05-02 02:26:42] EDIT main/views/default/index.html: 2
[2015-05-02 02:28:59] DELETE main/static/food.jpg: -330
[2015-05-02 02:41:46] EDIT main/static/css/web2py-bootstrap3.css: 1
[2015-05-02 02:41:59] EDIT main/static/css/web2py-bootstrap3.css: 0
[2015-05-02 02:42:20] EDIT main/static/css/web2py-bootstrap3.css: 0
[2015-05-02 02:44:25] EDIT main/static/css/web2py-bootstrap3.css: 0
[2015-05-02 02:45:06] UPLOAD /home/lashit/web2py/web2py/applications/main/static/food.jpg: 330
[2015-05-02 02:45:49] EDIT main/static/css/web2py-bootstrap3.css: 0
[2015-05-02 02:45:51] EDIT main/static/css/web2py-bootstrap3.css: 0
[2015-05-02 02:52:15] EDIT main/static/css/web2py-bootstrap3.css: 0
[2015-05-02 02:53:30] EDIT main/views/default/index.html: 0
[2015-05-02 02:56:03] EDIT main/views/default/index.html: 0
[2015-05-02 02:56:41] EDIT main/views/default/index.html: 0
[2015-05-02 03:07:11] EDIT main/static/css/web2py-bootstrap3.css: 0
[2015-05-02 03:07:36] EDIT main/static/css/web2py-bootstrap3.css: 0
[2015-05-02 03:08:21] EDIT main/static/css/web2py-bootstrap3.css: 0
[2015-05-02 03:08:37] EDIT main/static/css/web2py-bootstrap3.css: 0
[2015-05-02 03:09:58] EDIT main/static/css/web2py-bootstrap3.css: 0
[2015-05-02 03:11:15] EDIT main/static/css/web2py-bootstrap3.css: 1
[2015-05-02 03:12:05] EDIT main/static/css/web2py-bootstrap3.css: 1
[2015-05-02 03:13:28] EDIT main/static/css/web2py-bootstrap3.css: 0
[2015-05-02 03:14:22] EDIT main/static/css/web2py-bootstrap3.css: 0
[2015-05-02 10:45:38] DELETE main/static/css/food.jpg: -330
[2015-05-02 11:00:09] EDIT main/models/db2.py: 3
[2015-05-02 11:00:36] EDIT main/models/db2.py: 0
[2015-05-02 11:18:08] EDIT main/models/db2.py: 1
[2015-05-02 11:18:53] EDIT main/models/db2.py: 0
[2015-05-02 11:18:54] EDIT main/models/db2.py: 0
[2015-05-02 11:24:01] EDIT main/models/db2.py: -4
[2015-05-02 11:28:30] EDIT main/controllers/default.py: 3
[2015-05-02 11:28:54] CREATE default/raj.html: 0
[2015-05-02 11:29:03] EDIT main/views/default/raj.html: 1
[2015-05-02 11:45:21] EDIT main/controllers/default.py: -3
[2015-05-02 11:49:50] EDIT main/models/db2.py: 4
[2015-05-02 11:50:49] EDIT main/models/db2.py: 0
[2015-05-02 11:52:27] EDIT main/models/db2.py: -1
[2015-05-02 11:53:12] EDIT main/models/db2.py: 0
[2015-05-02 11:53:40] EDIT main/models/db2.py: 0
[2015-05-02 11:54:42] EDIT main/models/db2.py: 0
[2015-05-02 11:55:45] EDIT main/models/db2.py: 0
[2015-05-02 11:57:35] EDIT main/models/db2.py: 3
[2015-05-02 11:59:47] EDIT main/models/db2.py: 0
[2015-05-02 12:01:43] EDIT main/models/db2.py: -3
[2015-05-02 12:05:37] EDIT main/views/layout.html: -26
[2015-05-02 12:14:05] EDIT main/views/layout.html: -1
[2015-05-02 12:55:17] EDIT main/controllers/default.py: 1
[2015-05-02 12:56:08] EDIT main/controllers/default.py: 0
[2015-05-02 13:17:58] EDIT main/models/db2.py: 4
[2015-05-02 13:20:41] EDIT main/models/db2.py: 0
[2015-05-02 13:28:25] EDIT main/models/db2.py: -4
[2015-05-02 13:32:24] EDIT main/controllers/default.py: 0
[2015-05-02 13:34:42] EDIT main/controllers/default.py: 0
[2015-05-02 16:09:01] EDIT main/controllers/default.py: -1
[2015-05-02 16:09:30] DELETE main/views/default/raj.html: -4
[2015-05-02 16:10:34] EDIT main/models/db2.py: -7
[2015-05-02 16:11:11] EDIT main/views/default/index.html: 0
[2015-05-02 16:13:58] EDIT main/controllers/default.py: 0
[2015-05-02 16:32:19] EDIT main/views/default/index.html: 0
[2015-05-02 16:35:42] EDIT main/views/default/index.html: 0
[2015-05-02 17:06:32] EDIT main/models/menu.py: -85
[2015-05-02 17:07:09] EDIT main/models/menu.py: 0
[2015-05-02 17:10:03] EDIT main/models/menu.py: 0
[2015-05-02 19:47:56] EDIT main/controllers/default.py: 1
[2015-05-02 19:48:31] EDIT main/controllers/default.py: 0
[2015-05-02 19:49:17] EDIT main/controllers/default.py: 1
[2015-05-02 19:51:19] EDIT main/models/db2.py: 0
[2015-05-02 19:52:47] EDIT main/controllers/default.py: 0
[2015-05-02 19:54:46] EDIT main/controllers/default.py: 0
[2015-05-02 19:55:28] EDIT main/controllers/default.py: 0
[2015-05-02 19:57:52] EDIT main/controllers/default.py: 1
[2015-05-02 19:58:13] EDIT main/controllers/default.py: 0
[2015-05-02 19:58:51] EDIT main/controllers/default.py: 0
[2015-05-02 19:59:10] EDIT main/controllers/default.py: 0
[2015-05-02 20:00:02] EDIT main/controllers/default.py: 0
[2015-05-02 20:00:03] EDIT main/controllers/default.py: 0
[2015-05-02 20:03:55] EDIT main/controllers/default.py: 1
[2015-05-02 20:04:34] EDIT main/controllers/default.py: 0
[2015-05-02 20:08:14] EDIT main/controllers/default.py: 0
[2015-05-02 20:53:41] EDIT main/views/default/user.html: 0
[2015-05-02 20:57:35] EDIT main/views/default/user.html: 0
[2015-05-02 21:45:15] EDIT main/controllers/default.py: -4
[2015-05-02 22:40:36] EDIT main/models/menu.py: 1
[2015-05-02 22:40:57] EDIT main/models/menu.py: 0
[2015-05-02 22:41:12] EDIT main/models/menu.py: 0
[2015-05-02 22:43:46] EDIT main/models/menu.py: 1
[2015-05-02 22:45:30] EDIT main/models/menu.py: 2
[2015-05-02 22:46:48] EDIT main/models/menu.py: 0
[2015-05-02 22:47:55] EDIT main/models/menu.py: 0
[2015-05-02 22:48:49] DELETE main/models/db2.py: -31
[2015-05-02 22:49:00] CREATE db1.py: 0
[2015-05-02 22:49:17] EDIT main/models/db1.py: 64
[2015-05-02 22:54:10] EDIT main/models/db1.py: 0
[2015-05-02 22:55:35] EDIT main/controllers/default.py: 69
[2015-05-02 22:55:37] EDIT main/controllers/default.py: 0
[2015-05-02 23:38:42] EDIT main/models/db1.py: 0
[2015-05-02 23:40:47] EDIT main/views/default/first.html: 0
[2015-05-02 23:43:31] EDIT main/models/db1.py: 0
[2015-05-02 23:44:10] EDIT main/controllers/default.py: 0
[2015-05-03 00:09:11] EDIT main/controllers/default.py: 0
[2015-05-03 00:09:37] EDIT main/views/default/index.html: -8
[2015-05-03 00:10:15] EDIT main/views/default/index.html: 0
[2015-05-03 00:10:16] EDIT main/controllers/default.py: 0
[2015-05-03 00:12:02] EDIT main/controllers/default.py: 1
[2015-05-03 00:15:12] EDIT main/models/db1.py: 0
[2015-05-03 00:18:22] EDIT main/models/db1.py: 0
[2015-05-03 00:19:05] EDIT main/views/default/index.html: 4
[2015-05-03 00:22:33] EDIT main/views/default/index.html: 0
[2015-05-03 00:23:05] EDIT main/controllers/default.py: 0
[2015-05-03 00:23:12] EDIT main/controllers/default.py: 0
[2015-05-03 00:23:14] EDIT main/controllers/default.py: 0
[2015-05-03 00:23:38] EDIT main/views/default/index.html: 0
[2015-05-03 00:23:55] EDIT main/views/default/index.html: 0
[2015-05-03 00:24:12] EDIT main/controllers/default.py: 0
[2015-05-03 00:26:17] EDIT main/controllers/default.py: -1
[2015-05-03 00:26:19] EDIT main/controllers/default.py: 0
[2015-05-03 00:27:25] EDIT main/views/default/index.html: 1
[2015-05-03 00:27:26] EDIT main/views/default/index.html: 0
[2015-05-03 00:28:07] EDIT main/views/default/index.html: 0
[2015-05-03 00:28:37] EDIT main/views/default/index.html: 2
[2015-05-03 00:29:30] EDIT main/views/default/index.html: 0
[2015-05-03 00:29:46] EDIT main/views/default/index.html: 0
[2015-05-03 00:30:00] EDIT main/views/default/index.html: 0
[2015-05-03 00:30:57] EDIT main/views/default/index.html: 2
[2015-05-03 00:31:16] EDIT main/views/default/index.html: 0
[2015-05-03 00:33:09] EDIT main/views/default/index.html: 2
[2015-05-03 00:33:24] EDIT main/views/default/index.html: 0
[2015-05-03 00:33:25] EDIT main/views/default/index.html: 0
[2015-05-03 00:33:52] EDIT main/views/default/index.html: 0
[2015-05-03 00:34:06] EDIT main/views/default/index.html: 0
[2015-05-03 00:34:55] EDIT main/views/default/index.html: -2
[2015-05-03 00:36:38] EDIT main/views/default/index.html: 0
[2015-05-03 00:36:53] EDIT main/views/default/index.html: 0
[2015-05-03 01:02:07] EDIT main/views/default/index.html: 0
[2015-05-03 01:02:53] EDIT main/views/default/index.html: 0
[2015-05-03 01:02:58] EDIT main/views/default/index.html: 0
[2015-05-03 01:03:15] EDIT main/views/default/index.html: 0
[2015-05-03 01:04:30] EDIT main/controllers/default.py: 1
[2015-05-03 01:04:56] EDIT main/controllers/default.py: 0
[2015-05-03 01:14:56] EDIT main/controllers/default.py: 0
[2015-05-03 01:15:23] EDIT main/controllers/default.py: 0
[2015-05-03 01:21:21] EDIT main/controllers/default.py: -1
[2015-05-03 01:33:07] EDIT main/controllers/default.py: 4
[2015-05-03 01:33:25] EDIT main/controllers/default.py: 0
[2015-05-03 01:33:37] EDIT main/controllers/default.py: 0
[2015-05-03 01:43:00] EDIT main/controllers/default.py: 0
[2015-05-03 02:41:28] EDIT main/controllers/default.py: 0
[2015-05-03 02:49:19] EDIT main/views/default/second.html: 1
[2015-05-03 02:50:55] EDIT main/views/default/second.html: 0
[2015-05-03 02:51:45] EDIT main/views/default/second.html: 1
[2015-05-03 02:53:17] EDIT main/views/default/second.html: 0
[2015-05-03 02:57:30] EDIT main/views/default/second.html: 3
[2015-05-03 02:59:00] EDIT main/views/default/second.html: -1
[2015-05-03 02:59:17] EDIT main/views/default/second.html: 0
[2015-05-03 03:01:39] EDIT main/views/default/second.html: 0
[2015-05-03 03:02:11] EDIT main/views/default/second.html: 0
[2015-05-03 03:08:16] EDIT main/models/menu.py: 1
[2015-05-03 03:09:03] EDIT main/models/menu.py: 0
[2015-05-03 03:09:19] EDIT main/models/menu.py: 0
[2015-05-03 03:09:55] EDIT main/controllers/default.py: 4
[2015-05-03 03:19:42] EDIT main/models/db1.py: 0
[2015-05-03 03:21:15] EDIT main/controllers/default.py: -2
[2015-05-03 03:21:47] CREATE default/cart.html: 0
[2015-05-03 03:23:40] EDIT main/controllers/default.py: 2
[2015-05-03 03:24:05] EDIT main/views/default/cart.html: 1
[2015-05-03 03:24:17] EDIT main/views/default/cart.html: 0
[2015-05-03 03:25:06] EDIT main/models/menu.py: 0
[2015-05-03 03:26:27] EDIT main/models/menu.py: 0
[2015-05-03 03:28:40] EDIT main/views/default/cart.html: 0
[2015-05-03 03:29:12] EDIT main/views/default/cart.html: 0
[2015-05-03 03:29:26] EDIT main/views/default/cart.html: 0
[2015-05-03 03:29:56] EDIT main/views/default/cart.html: 0
[2015-05-03 03:30:24] EDIT main/views/default/cart.html: 0
[2015-05-03 03:30:40] EDIT main/views/default/cart.html: 0
[2015-05-03 03:30:53] EDIT main/views/default/cart.html: 0
[2015-05-03 03:31:11] EDIT main/views/default/cart.html: 0
[2015-05-03 03:32:06] EDIT main/views/default/cart.html: 0
[2015-05-03 03:32:07] EDIT main/views/default/cart.html: 0
[2015-05-03 03:32:20] EDIT main/views/default/cart.html: 0
[2015-05-03 03:36:13] EDIT main/controllers/default.py: 0
[2015-05-03 03:38:04] EDIT main/controllers/default.py: 2
[2015-05-03 03:38:30] EDIT main/controllers/default.py: 0
[2015-05-03 03:42:30] EDIT main/controllers/default.py: 3
[2015-05-03 03:47:56] EDIT main/views/default/second.html: 0
[2015-05-03 03:52:19] EDIT main/views/default/second.html: 0
[2015-05-03 03:53:32] EDIT main/views/default/second.html: 0
[2015-05-03 03:54:50] EDIT main/views/default/first.html: 0
[2015-05-03 03:55:41] EDIT main/views/default/second.html: 0
[2015-05-03 03:55:46] EDIT main/views/default/second.html: 0
[2015-05-03 03:57:06] EDIT main/views/default/second.html: 0
[2015-05-03 03:57:51] EDIT main/views/default/second.html: 1
[2015-05-03 03:58:53] EDIT main/views/default/second.html: -1
[2015-05-03 03:59:25] EDIT main/views/default/second.html: 0
[2015-05-03 03:59:56] EDIT main/views/default/second.html: 0
[2015-05-03 04:00:35] EDIT main/views/default/second.html: 0
[2015-05-03 04:03:37] EDIT main/views/default/second.html: 4
[2015-05-03 04:03:54] EDIT main/views/default/second.html: 0
[2015-05-03 04:07:45] EDIT main/views/default/second.html: 2
[2015-05-03 04:08:25] EDIT main/views/default/second.html: 2
[2015-05-03 04:08:27] EDIT main/views/default/second.html: 0
[2015-05-03 04:08:41] EDIT main/views/default/second.html: 0
[2015-05-03 04:09:49] EDIT main/views/default/second.html: 0
[2015-05-03 04:11:42] EDIT main/views/default/second.html: 0
[2015-05-03 04:13:00] EDIT main/views/default/second.html: -2
[2015-05-03 04:13:36] EDIT main/views/default/second.html: 2
[2015-05-03 04:14:00] EDIT main/views/default/second.html: 0
[2015-05-03 04:14:19] EDIT main/views/default/second.html: 0
[2015-05-03 04:15:31] EDIT main/views/default/second.html: 0
[2015-05-03 04:16:12] EDIT main/views/default/second.html: 0
[2015-05-03 04:17:08] EDIT main/views/default/second.html: 0
[2015-05-03 04:17:25] EDIT main/views/default/second.html: 0
[2015-05-03 04:20:47] EDIT main/views/default/second.html: 1
[2015-05-03 04:21:47] EDIT main/views/default/second.html: -1
[2015-05-03 04:22:28] EDIT main/views/default/second.html: 1
[2015-05-03 04:22:54] EDIT main/views/default/second.html: 0
[2015-05-03 04:26:56] EDIT main/views/default/second.html: -7
[2015-05-03 04:27:45] EDIT main/views/default/second.html: 0
[2015-05-03 04:27:47] EDIT main/views/default/second.html: 0
[2015-05-03 04:29:56] EDIT main/views/default/second.html: 0
[2015-05-03 04:31:17] EDIT main/views/default/second.html: 0
[2015-05-03 05:47:09] EDIT main/controllers/default.py: 3
[2015-05-03 05:47:24] EDIT main/controllers/default.py: 0
[2015-05-03 05:50:01] EDIT main/views/default/cart.html: 6
[2015-05-03 05:50:02] EDIT main/views/default/cart.html: 0
[2015-05-03 05:50:47] EDIT main/views/default/cart.html: 0
[2015-05-03 05:52:48] EDIT main/views/default/cart.html: 5
[2015-05-03 05:53:06] EDIT main/views/default/cart.html: 0
[2015-05-03 05:53:08] EDIT main/views/default/cart.html: 0
[2015-05-03 05:53:36] EDIT main/views/default/cart.html: -1
[2015-05-03 05:54:11] EDIT main/views/default/cart.html: 0
[2015-05-03 05:54:21] EDIT main/views/default/cart.html: 0
[2015-05-03 05:54:46] EDIT main/views/default/cart.html: 0
[2015-05-03 05:55:18] EDIT main/views/default/cart.html: 0
[2015-05-03 05:56:15] EDIT main/views/default/cart.html: 0
[2015-05-03 05:58:12] EDIT main/views/default/cart.html: 2
[2015-05-03 06:19:48] EDIT main/controllers/default.py: 0
[2015-05-03 06:35:42] EDIT main/views/default/cart.html: 0
[2015-05-03 06:37:23] EDIT main/views/default/cart.html: 0
[2015-05-03 06:38:13] EDIT main/views/default/cart.html: 0
[2015-05-03 06:42:14] EDIT main/views/default/first.html: 2
[2015-05-03 06:43:02] EDIT main/views/default/first.html: 0
[2015-05-03 06:44:17] EDIT main/views/default/first.html: -2
[2015-05-03 10:37:00] EDIT main/views/default/cart.html: 1
[2015-05-03 10:41:35] EDIT main/controllers/default.py: 3
[2015-05-03 10:42:03] EDIT main/views/default/cart.html: 0
[2015-05-03 10:42:55] EDIT main/views/default/cart.html: 0
[2015-05-03 10:43:22] EDIT main/views/default/cart.html: 0
[2015-05-03 10:44:33] EDIT main/views/default/cart.html: 0
[2015-05-03 10:45:07] EDIT main/views/default/cart.html: 0
[2015-05-03 10:46:22] EDIT main/views/default/cart.html: 1
[2015-05-03 10:47:53] EDIT main/controllers/default.py: 0
[2015-05-03 10:57:11] EDIT main/controllers/default.py: 16
[2015-05-03 10:57:12] EDIT main/controllers/default.py: 0
[2015-05-03 10:57:23] EDIT main/controllers/default.py: 0
[2015-05-03 11:01:34] EDIT main/controllers/default.py: -16
[2015-05-03 11:01:35] EDIT main/controllers/default.py: 0
[2015-05-03 11:06:55] EDIT main/controllers/default.py: 3
[2015-05-03 11:11:16] EDIT main/views/default/first.html: 0
[2015-05-03 11:11:34] EDIT main/controllers/default.py: 0
[2015-05-03 11:11:49] EDIT main/views/default/first.html: 0
[2015-05-03 11:12:09] EDIT main/views/default/first.html: 0
[2015-05-03 11:14:31] EDIT main/views/default/second.html: 0
[2015-05-03 11:17:36] EDIT main/views/default/cart.html: 2
[2015-05-03 11:18:52] EDIT main/views/default/cart.html: 0
[2015-05-03 11:19:19] EDIT main/views/default/second.html: 0
[2015-05-03 11:20:56] EDIT main/views/default/cart.html: 5
[2015-05-03 11:21:34] EDIT main/views/default/cart.html: 0
[2015-05-03 11:21:51] EDIT main/views/default/cart.html: 0
[2015-05-03 11:24:09] EDIT main/views/default/cart.html: 0
[2015-05-03 11:24:22] EDIT main/views/default/cart.html: 0
[2015-05-03 11:24:47] EDIT main/views/default/cart.html: 0
[2015-05-03 11:32:46] EDIT main/controllers/default.py: 5
[2015-05-03 11:34:04] EDIT main/views/default/cart.html: 2
[2015-05-03 11:38:09] EDIT main/controllers/default.py: 0
[2015-05-03 11:43:01] EDIT main/controllers/default.py: 0
[2015-05-03 11:43:31] EDIT main/views/default/cart.html: 0
[2015-05-03 11:49:52] EDIT main/controllers/default.py: 0
[2015-05-03 11:56:24] EDIT main/views/default/cart.html: 8
[2015-05-03 11:57:05] EDIT main/views/default/cart.html: 1
[2015-05-03 11:57:11] EDIT main/views/default/cart.html: 0
[2015-05-03 11:57:41] EDIT main/views/default/cart.html: 1
[2015-05-03 11:58:17] EDIT main/views/default/cart.html: -8
[2015-05-03 11:59:22] EDIT main/views/default/cart.html: -2
[2015-05-03 12:01:46] EDIT main/views/default/cart.html: 0
[2015-05-03 12:06:28] EDIT main/controllers/default.py: 0
[2015-05-03 12:07:19] EDIT main/views/default/cart.html: 2
[2015-05-03 12:07:33] EDIT main/views/default/cart.html: 0
[2015-05-03 12:07:57] EDIT main/views/default/cart.html: 0
[2015-05-03 12:09:10] EDIT main/views/default/cart.html: 0
[2015-05-03 12:09:43] EDIT main/views/default/cart.html: 0
[2015-05-03 12:10:22] EDIT main/views/default/cart.html: 1
[2015-05-03 12:11:49] EDIT main/views/default/cart.html: 2
[2015-05-03 12:13:12] EDIT main/views/default/cart.html: 1
[2015-05-03 12:14:25] EDIT main/views/default/cart.html: 0
[2015-05-03 12:14:38] EDIT main/views/default/cart.html: 0
[2015-05-03 12:15:10] EDIT main/views/default/cart.html: 0
[2015-05-03 12:15:36] EDIT main/views/default/cart.html: 2
[2015-05-03 12:16:16] EDIT main/views/default/cart.html: 0
[2015-05-03 12:31:21] EDIT main/views/default/cart.html: -6
[2015-05-03 12:32:14] EDIT main/views/default/cart.html: -2
[2015-05-03 12:32:51] EDIT main/views/default/cart.html: 0
[2015-05-03 12:32:55] EDIT main/views/default/index.html: 0
[2015-05-03 12:33:16] EDIT main/views/default/cart.html: 0
[2015-05-03 13:21:43] EDIT main/views/default/cart.html: 0
[2015-05-03 13:21:43] EDIT main/views/default/cart.html: 0
[2015-05-03 13:22:50] EDIT main/views/default/cart.html: 0
[2015-05-03 13:25:31] EDIT main/views/default/cart.html: 0
[2015-05-03 13:25:33] EDIT main/views/default/cart.html: 0
[2015-05-03 13:27:41] EDIT main/controllers/default.py: 0
[2015-05-03 13:30:46] EDIT main/controllers/default.py: 0
[2015-05-03 13:31:35] EDIT main/views/default/cart.html: 0
[2015-05-03 13:32:22] EDIT main/views/default/cart.html: 0
[2015-05-03 13:37:15] EDIT main/controllers/default.py: 1
[2015-05-03 15:26:13] EDIT main/models/menu.py: -2
[2015-05-03 15:27:17] EDIT main/models/menu.py: 0
[2015-05-03 15:28:03] EDIT main/models/menu.py: 2
[2015-05-03 15:28:34] EDIT main/models/menu.py: 0
[2015-05-03 15:29:35] EDIT main/controllers/default.py: 0
[2015-05-03 15:30:34] EDIT main/controllers/default.py: 0
[2015-05-03 15:31:44] EDIT main/controllers/default.py: 1
[2015-05-03 15:32:16] EDIT main/controllers/default.py: -1
[2015-05-03 15:33:20] EDIT main/views/default/index.html: 1
[2015-05-03 15:33:51] EDIT main/views/default/index.html: -1
[2015-05-03 15:34:08] EDIT main/controllers/default.py: 0
[2015-05-03 15:35:49] EDIT main/views/default/cart.html: 2
[2015-05-03 15:43:04] EDIT main/views/default/cart.html: 7
[2015-05-03 15:43:20] EDIT main/views/default/cart.html: 0
[2015-05-03 15:43:45] EDIT main/views/default/cart.html: 0
[2015-05-03 15:44:40] EDIT main/views/default/cart.html: 0
[2015-05-03 15:45:56] EDIT main/views/default/cart.html: 0
[2015-05-03 15:47:10] EDIT main/views/default/cart.html: 0
[2015-05-03 15:48:11] EDIT main/views/default/cart.html: 0
[2015-05-03 15:51:19] EDIT main/views/default/cart.html: 1
[2015-05-03 15:53:15] EDIT main/views/default/cart.html: 0
[2015-05-03 15:53:33] EDIT main/views/default/cart.html: 0
[2015-05-03 15:54:57] EDIT main/views/default/cart.html: -1
[2015-05-03 16:07:37] EDIT main/views/default/cart.html: 0
[2015-05-03 16:08:34] EDIT main/views/default/cart.html: 0
[2015-05-03 16:16:49] EDIT main/views/default/cart.html: -7
[2015-05-03 18:00:38] EDIT main/views/default/cart.html: 1
[2015-05-03 18:01:20] EDIT main/views/default/cart.html: 0
[2015-05-03 18:03:27] EDIT main/controllers/default.py: 6
[2015-05-03 18:04:00] EDIT main/views/default/cart.html: 0
[2015-05-03 18:05:30] EDIT main/controllers/default.py: 1
[2015-05-03 18:06:41] EDIT main/views/default/cart.html: 0
[2015-05-03 18:11:05] EDIT main/views/default/cart.html: 0
[2015-05-03 18:12:11] EDIT main/controllers/default.py: 0
[2015-05-03 18:14:03] EDIT main/controllers/default.py: 1
[2015-05-03 18:15:41] EDIT main/views/default/cart.html: 0
[2015-05-03 18:17:14] EDIT main/controllers/default.py: 0
[2015-05-03 18:19:19] EDIT main/views/default/cart.html: 0
[2015-05-03 18:19:42] EDIT main/views/default/cart.html: 0
[2015-05-03 18:22:40] EDIT main/views/default/cart.html: 0
[2015-05-03 18:24:42] EDIT main/controllers/default.py: 1
[2015-05-03 18:24:58] EDIT main/controllers/default.py: 0
[2015-05-03 18:27:43] EDIT main/views/default/cart.html: 0
[2015-05-03 18:28:33] EDIT main/views/default/cart.html: 0
[2015-05-03 18:30:05] EDIT main/views/default/cart.html: 0
[2015-05-03 18:30:22] EDIT main/views/default/cart.html: 0
[2015-05-03 18:30:49] EDIT main/views/default/cart.html: 0
[2015-05-03 18:31:02] EDIT main/views/default/cart.html: 0
[2015-05-03 18:32:13] EDIT main/views/default/cart.html: 1
[2015-05-03 18:34:45] EDIT main/controllers/default.py: 0
[2015-05-03 18:36:41] EDIT main/views/default/cart.html: -1
[2015-05-03 18:36:44] EDIT main/views/default/cart.html: 0
[2015-05-03 18:37:39] EDIT main/controllers/default.py: 1
[2015-05-03 18:38:09] EDIT main/controllers/default.py: 0
[2015-05-03 18:38:44] EDIT main/controllers/default.py: 0
[2015-05-03 18:39:40] EDIT main/controllers/default.py: 0
[2015-05-03 18:39:51] EDIT main/controllers/default.py: 0
[2015-05-03 18:39:52] EDIT main/controllers/default.py: 0
[2015-05-03 18:40:19] EDIT main/controllers/default.py: 0
[2015-05-03 18:43:36] EDIT main/views/default/cart.html: 0
[2015-05-03 18:48:47] EDIT main/controllers/default.py: 0
[2015-05-03 18:49:33] EDIT main/views/default/cart.html: 0
[2015-05-03 18:49:34] EDIT main/views/default/cart.html: 0
[2015-05-03 19:05:51] EDIT main/models/menu.py: 5
[2015-05-03 19:06:49] EDIT main/models/menu.py: 1
[2015-05-03 19:07:38] EDIT main/models/menu.py: 0
[2015-05-03 19:07:55] EDIT main/models/menu.py: 0
[2015-05-03 19:09:54] EDIT main/models/menu.py: 0
[2015-05-03 19:10:24] EDIT main/models/menu.py: 0
[2015-05-03 19:10:27] EDIT main/models/menu.py: 0
[2015-05-03 19:10:27] EDIT main/models/menu.py: 0
[2015-05-03 19:10:28] EDIT main/models/menu.py: 0
[2015-05-03 19:10:28] EDIT main/models/menu.py: 0
[2015-05-03 19:10:28] EDIT main/models/menu.py: 0
[2015-05-03 19:10:28] EDIT main/models/menu.py: 0
[2015-05-03 19:10:28] EDIT main/models/menu.py: 0
[2015-05-03 19:10:29] EDIT main/models/menu.py: 0
[2015-05-03 19:10:29] EDIT main/models/menu.py: 0
[2015-05-03 19:10:29] EDIT main/models/menu.py: 0
[2015-05-03 19:11:20] EDIT main/models/menu.py: 1
[2015-05-03 19:14:53] EDIT main/views/default/cart.html: 0
[2015-05-03 19:15:19] EDIT main/views/default/cart.html: 0
[2015-05-03 19:19:54] EDIT main/views/default/cart.html: 0
[2015-05-03 19:22:35] EDIT main/controllers/default.py: 0
[2015-05-03 21:27:23] EDIT main/controllers/default.py: 17
[2015-05-03 21:29:05] EDIT main/views/default/first.html: 7
[2015-05-03 21:30:00] EDIT main/views/default/first.html: -1
[2015-05-03 21:30:11] EDIT main/views/default/first.html: 0
[2015-05-03 21:30:18] EDIT main/controllers/default.py: 0
[2015-05-03 21:32:02] EDIT main/views/default/first.html: 0
[2015-05-03 21:37:35] EDIT main/views/default/cart.html: 0
[2015-05-03 21:44:00] EDIT main/views/default/second.html: 0
[2015-05-03 21:48:33] EDIT main/views/default/second.html: 0
[2015-05-03 21:51:43] EDIT main/views/default/cart.html: 0
[2015-05-03 21:53:18] EDIT main/views/default/cart.html: 0
[2015-05-03 21:53:20] EDIT main/views/default/cart.html: 0
[2015-05-03 21:53:22] EDIT main/views/default/cart.html: 0
[2015-05-03 21:56:45] EDIT main/controllers/default.py: 0
[2015-05-03 21:57:18] EDIT main/controllers/default.py: 0
[2015-05-03 21:57:21] EDIT main/controllers/default.py: 0
[2015-05-03 22:02:11] EDIT main/controllers/default.py: 1
[2015-05-03 22:02:56] EDIT main/views/default/cart.html: 0
[2015-05-03 22:04:49] EDIT main/views/default/cart.html: 0
[2015-05-03 22:05:17] EDIT main/views/default/cart.html: 0
[2015-05-03 22:06:34] EDIT main/views/default/cart.html: 0
[2015-05-03 22:11:45] EDIT main/views/default/cart.html: 0
[2015-05-03 22:12:53] EDIT main/views/default/cart.html: 0
[2015-05-03 22:13:27] EDIT main/controllers/default.py: 0
[2015-05-03 22:14:57] EDIT main/controllers/default.py: 0
[2015-05-03 22:16:38] EDIT main/controllers/default.py: 0
[2015-05-03 22:17:28] EDIT main/views/default/cart.html: 0
[2015-05-03 22:17:29] EDIT main/views/default/cart.html: 0
[2015-05-03 22:18:03] EDIT main/views/default/cart.html: 0
[2015-05-03 22:19:10] EDIT main/views/default/cart.html: 0
[2015-05-03 22:19:30] EDIT main/views/default/cart.html: 0
[2015-05-03 22:19:30] EDIT main/views/default/cart.html: 0
[2015-05-03 22:21:28] EDIT main/views/default/cart.html: 1
[2015-05-03 22:41:39] EDIT main/controllers/default.py: 0
[2015-05-03 22:46:50] EDIT main/controllers/default.py: 0
[2015-05-03 22:50:11] EDIT main/controllers/default.py: 0
[2015-05-03 22:52:06] EDIT main/models/menu.py: 3
[2015-05-03 22:53:07] EDIT main/models/menu.py: -1
[2015-05-03 22:53:20] EDIT main/models/menu.py: 1
[2015-05-03 22:53:36] EDIT main/models/menu.py: 0
[2015-05-03 22:55:44] EDIT main/controllers/default.py: 0
[2015-05-04 01:17:19] EDIT main/controllers/default.py: 0
[2015-05-04 01:52:52] EDIT main/views/default/cart.html: 0
[2015-05-04 01:55:19] EDIT main/views/default/cart.html: 0
[2015-05-04 01:55:54] EDIT main/views/default/cart.html: 0
[2015-05-04 01:56:04] EDIT main/views/default/cart.html: 0
[2015-05-04 01:57:45] EDIT main/views/default/cart.html: 0
[2015-05-04 01:58:23] EDIT main/views/default/cart.html: 0
[2015-05-04 11:44:36] EDIT main/models/menu.py: 0
[2015-05-04 11:45:59] EDIT main/models/menu.py: 0
[2015-05-04 11:47:01] EDIT main/models/menu.py: 0
[2015-05-04 11:47:25] EDIT main/models/menu.py: 0
[2015-05-04 11:51:31] EDIT main/controllers/default.py: 0
[2015-05-04 11:53:49] EDIT main/views/default/cart.html: 0
[2015-05-04 11:57:08] EDIT main/controllers/default.py: 3
[2015-05-04 11:58:28] CREATE default/paycontrol.html: 0
[2015-05-04 12:00:32] EDIT main/views/default/cart.html: 2
[2015-05-04 12:02:23] EDIT main/controllers/default.py: 0
[2015-05-04 12:02:54] EDIT main/views/default/cart.html: 1
[2015-05-04 19:03:06] EDIT main/controllers/default.py: -15
[2015-05-04 19:03:14] EDIT main/controllers/default.py: 0
[2015-05-04 19:03:30] EDIT main/controllers/default.py: -2
[2015-05-04 19:04:30] EDIT main/views/default/first.html: -6
[2015-05-04 19:05:24] EDIT main/controllers/default.py: 27
[2015-05-04 19:06:27] EDIT main/views/default/first.html: 6
[2015-05-04 19:07:33] EDIT main/views/default/first.html: 2
[2015-05-04 19:08:14] EDIT main/views/default/first.html: 2
[2015-05-04 19:10:23] EDIT main/controllers/default.py: 1
[2015-05-04 19:10:37] EDIT main/controllers/default.py: 0
[2015-05-04 19:13:16] EDIT main/models/db1.py: 4
[2015-05-04 19:13:46] EDIT main/models/db1.py: -1
[2015-05-04 19:15:43] UPLOAD /home/lashit/web2py/web2py/applications/main/static/dislike.jpg: 58
[2015-05-04 19:15:52] UPLOAD /home/lashit/web2py/web2py/applications/main/static/like.jpg: 37
[2015-05-04 19:21:04] EDIT main/views/default/first.html: 0
[2015-05-04 19:22:35] EDIT main/views/default/first.html: 2
[2015-05-04 19:23:07] EDIT main/views/default/first.html: 2
[2015-05-04 19:23:09] EDIT main/views/default/first.html: 0
[2015-05-04 19:24:20] EDIT main/views/default/first.html: 0
[2015-05-04 19:24:55] EDIT main/views/default/first.html: -2
[2015-05-04 19:25:20] EDIT main/views/default/first.html: 0
[2015-05-04 19:26:05] EDIT main/views/default/first.html: 4
[2015-05-04 19:26:07] EDIT main/views/default/first.html: 0
[2015-05-04 19:26:47] EDIT main/views/default/first.html: 2
[2015-05-04 19:27:10] EDIT main/views/default/first.html: 0
[2015-05-04 19:27:19] EDIT main/views/default/first.html: 0
[2015-05-04 19:27:26] EDIT main/views/default/first.html: 0
[2015-05-04 19:28:07] EDIT main/views/default/first.html: 5
[2015-05-04 19:33:34] EDIT main/controllers/default.py: 0
[2015-05-04 19:35:59] CREATE default/pend.html: 0
[2015-05-04 19:36:36] EDIT main/controllers/default.py: 2
[2015-05-04 19:38:01] CREATE default/display.html: 0
[2015-05-04 19:38:12] EDIT main/views/default/display.html: 11
[2015-05-04 19:38:17] EDIT main/views/default/display.html: 0
[2015-05-04 19:39:15] EDIT main/models/db1.py: 10
[2015-05-04 19:40:43] EDIT main/models/db1.py: -10
[2015-05-04 19:41:12] EDIT main/controllers/default.py: 10
[2015-05-04 19:43:47] EDIT main/views/default/cart.html: 0
[2015-05-04 19:47:01] EDIT main/controllers/default.py: 3
[2015-05-04 19:47:37] EDIT main/controllers/default.py: 0
[2015-05-04 19:48:58] EDIT main/controllers/default.py: 0
[2015-05-04 19:49:03] EDIT main/controllers/default.py: 0
[2015-05-04 19:49:47] EDIT main/controllers/default.py: 0
[2015-05-04 19:50:03] EDIT main/controllers/default.py: 0
[2015-05-04 19:50:14] EDIT main/views/default/paycontrol.html: -1
[2015-05-04 19:51:04] EDIT main/views/default/paycontrol.html: 3
[2015-05-04 19:51:45] EDIT main/views/default/paycontrol.html: 2
[2015-05-04 19:51:55] EDIT main/views/default/paycontrol.html: 0
[2015-05-04 19:52:36] EDIT main/views/default/paycontrol.html: 0
[2015-05-04 19:52:45] EDIT main/views/default/paycontrol.html: 0
[2015-05-04 19:53:05] EDIT main/views/default/paycontrol.html: 0
[2015-05-04 19:53:16] EDIT main/views/default/paycontrol.html: 0
[2015-05-04 19:53:29] EDIT main/views/default/paycontrol.html: 0
[2015-05-04 19:54:18] EDIT main/controllers/default.py: 0
[2015-05-04 19:57:42] EDIT main/views/default/paycontrol.html: 0
[2015-05-04 20:00:38] EDIT main/controllers/default.py: 2
[2015-05-04 20:00:50] EDIT main/controllers/default.py: 1
[2015-05-04 20:01:50] EDIT main/controllers/default.py: 2
[2015-05-04 20:01:51] EDIT main/controllers/default.py: 0
[2015-05-04 20:01:56] EDIT main/controllers/default.py: 0
[2015-05-04 20:01:56] EDIT main/controllers/default.py: 0
[2015-05-04 20:02:18] CREATE default/success.html: 0
[2015-05-04 20:04:32] EDIT main/views/default/success.html: 5
[2015-05-04 20:05:10] EDIT main/views/default/success.html: 0
[2015-05-04 20:05:43] EDIT main/views/default/success.html: 0
[2015-05-04 20:07:34] EDIT main/models/db1.py: 1
[2015-05-04 20:07:36] EDIT main/models/db1.py: 0
[2015-05-04 20:08:40] EDIT main/models/db1.py: 1
[2015-05-04 20:08:40] EDIT main/models/db1.py: 0
[2015-05-04 20:12:42] EDIT main/controllers/default.py: 3
[2015-05-04 20:14:21] EDIT main/views/default/cart.html: 2
[2015-05-04 20:15:30] EDIT main/controllers/default.py: 1
[2015-05-04 20:15:37] EDIT main/views/default/success.html: 0
[2015-05-04 20:15:43] EDIT main/models/db1.py: 0
[2015-05-04 20:15:46] EDIT main/views/default/cart.html: 0
[2015-05-04 20:22:07] EDIT main/controllers/default.py: 0
[2015-05-04 20:22:08] EDIT main/controllers/default.py: 0
[2015-05-04 20:23:39] EDIT main/controllers/default.py: -1
[2015-05-04 20:24:05] EDIT main/views/default/second.html: 0
[2015-05-04 20:24:59] EDIT main/controllers/default.py: 0
[2015-05-04 20:25:43] EDIT main/views/default/second.html: 0
[2015-05-04 20:27:42] EDIT main/views/default/second.html: 0
[2015-05-04 20:32:47] EDIT main/views/default/cart.html: -2
[2015-05-04 20:33:14] EDIT main/views/default/cart.html: 0
[2015-05-04 20:34:22] EDIT main/views/default/success.html: 1
[2015-05-04 20:35:14] EDIT main/controllers/default.py: -1
[2015-05-04 20:38:09] EDIT main/views/default/second.html: 0
[2015-05-04 20:38:15] EDIT main/views/default/cart.html: 0
[2015-05-04 20:38:24] EDIT main/views/default/success.html: -1
[2015-05-04 20:38:59] EDIT main/controllers/default.py: -1
[2015-05-04 20:51:30] EDIT main/views/default/second.html: 0
[2015-05-04 20:52:51] EDIT main/controllers/default.py: 2
[2015-05-04 20:53:50] EDIT main/controllers/default.py: 0
[2015-05-04 20:54:35] EDIT main/controllers/default.py: 0
[2015-05-04 20:55:44] EDIT main/views/default/second.html: 1
[2015-05-04 20:56:07] EDIT main/views/default/second.html: 1
[2015-05-04 20:56:12] EDIT main/views/default/second.html: 0
[2015-05-04 20:57:19] EDIT main/models/db1.py: 0
[2015-05-04 20:57:20] EDIT main/models/db1.py: 0
[2015-05-04 20:57:22] EDIT main/models/db1.py: 0
[2015-05-04 21:36:54] EDIT main/models/db1.py: 1
[2015-05-04 21:38:43] EDIT main/models/db1.py: 0
[2015-05-04 21:38:45] EDIT main/models/db1.py: 0
[2015-05-04 21:38:53] EDIT main/models/db1.py: 0
[2015-05-04 21:38:55] EDIT main/models/db1.py: 0
[2015-05-04 21:41:13] EDIT main/views/default/addmenu.html: 4
[2015-05-04 21:42:17] EDIT main/views/default/addmenu.html: 2
[2015-05-04 21:47:18] EDIT main/views/default/second.html: 0
[2015-05-04 21:49:41] EDIT main/controllers/default.py: 0
[2015-05-04 21:50:45] EDIT main/views/default/first.html: 0
[2015-05-04 21:52:15] EDIT main/controllers/default.py: 3
[2015-05-04 21:52:44] EDIT main/controllers/default.py: 2
[2015-05-04 21:53:21] EDIT main/controllers/default.py: 0
[2015-05-04 21:54:28] EDIT main/controllers/default.py: 0
[2015-05-04 21:54:53] EDIT main/controllers/default.py: 0
[2015-05-04 21:56:06] EDIT main/controllers/default.py: 0
[2015-05-04 21:57:45] EDIT main/controllers/default.py: 0
[2015-05-04 22:00:18] EDIT main/controllers/default.py: 1
[2015-05-04 22:00:23] EDIT main/controllers/default.py: 0
[2015-05-04 22:02:20] EDIT main/controllers/default.py: -6
[2015-05-04 22:03:08] EDIT main/controllers/default.py: 0
[2015-05-04 22:03:35] EDIT main/views/default/second.html: 0
[2015-05-04 22:03:55] EDIT main/views/default/second.html: 0
[2015-05-04 22:04:27] EDIT main/views/default/second.html: -2
[2015-05-04 22:04:52] EDIT main/controllers/default.py: 0
[2015-05-04 22:05:27] EDIT main/controllers/default.py: 1
[2015-05-04 22:05:50] EDIT main/controllers/default.py: 0
[2015-05-04 22:05:51] EDIT main/controllers/default.py: 0
[2015-05-04 22:06:59] EDIT main/views/default/second.html: 2
[2015-05-04 22:07:03] EDIT main/views/default/second.html: 1
[2015-05-04 22:07:34] EDIT main/views/default/second.html: -3
[2015-05-04 22:07:35] EDIT main/views/default/second.html: 0
[2015-05-04 22:08:12] EDIT main/controllers/default.py: 0
[2015-05-04 22:10:22] EDIT main/controllers/default.py: 1
[2015-05-04 22:10:39] EDIT main/views/default/cart.html: 1
[2015-05-04 22:14:26] EDIT main/controllers/default.py: -1
[2015-05-04 22:15:13] EDIT main/views/default/cart.html: 1
[2015-05-04 22:16:15] EDIT main/views/default/cart.html: 0
[2015-05-04 22:25:14] EDIT main/views/default/addmenu.html: 0
[2015-05-04 22:25:46] EDIT main/views/default/second.html: 0
[2015-05-04 22:25:46] EDIT main/views/default/second.html: 0
[2015-05-04 22:25:47] EDIT main/views/default/second.html: 0
[2015-05-04 22:25:49] EDIT main/views/default/second.html: 0
[2015-05-04 22:32:37] EDIT main/views/default/success.html: 4
[2015-05-04 22:33:31] EDIT main/views/default/success.html: 0
[2015-05-04 22:33:56] EDIT main/views/default/success.html: 0
[2015-05-04 22:34:06] EDIT main/views/default/success.html: 1
[2015-05-04 22:35:38] EDIT main/views/default/success.html: 0
[2015-05-04 22:35:57] EDIT main/views/default/success.html: 0
[2015-05-04 22:36:28] EDIT main/views/default/success.html: 0
[2015-05-04 22:37:21] EDIT main/controllers/default.py: 0
[2015-05-04 22:39:26] EDIT main/views/default/success.html: 0
[2015-05-04 22:40:02] EDIT main/views/default/success.html: 0
[2015-05-04 22:40:27] EDIT main/views/default/success.html: 0
[2015-05-04 22:42:59] EDIT main/controllers/default.py: 0
[2015-05-04 22:44:07] EDIT main/controllers/default.py: 1
[2015-05-04 22:44:36] EDIT main/controllers/default.py: 0
[2015-05-04 22:45:03] EDIT main/controllers/default.py: 1
[2015-05-04 22:46:25] EDIT main/controllers/default.py: 3
[2015-05-04 22:50:09] EDIT main/controllers/default.py: 0
[2015-05-04 22:50:21] EDIT main/controllers/default.py: 0
[2015-05-04 22:53:21] EDIT main/controllers/default.py: 1
[2015-05-04 22:53:46] EDIT main/controllers/default.py: 0
[2015-05-04 22:53:47] EDIT main/controllers/default.py: 0
[2015-05-04 22:53:52] EDIT main/controllers/default.py: 0
[2015-05-04 22:54:47] EDIT main/controllers/default.py: 4
[2015-05-04 22:55:05] EDIT main/controllers/default.py: 0
[2015-05-04 22:55:21] EDIT main/controllers/default.py: 0
[2015-05-04 22:56:50] EDIT main/views/default/pend.html: 2
[2015-05-04 22:58:29] EDIT main/views/default/pend.html: 5
[2015-05-04 22:58:30] EDIT main/views/default/pend.html: 0
[2015-05-04 22:59:04] EDIT main/views/default/pend.html: 0
[2015-05-04 23:00:22] EDIT main/views/default/pend.html: 7
[2015-05-04 23:00:32] EDIT main/views/default/pend.html: 0
[2015-05-04 23:00:33] EDIT main/views/default/pend.html: 0
[2015-05-04 23:00:33] EDIT main/views/default/pend.html: 0
[2015-05-04 23:00:34] EDIT main/views/default/pend.html: 0
[2015-05-04 23:01:48] EDIT main/views/default/pend.html: 1
[2015-05-04 23:01:48] EDIT main/views/default/pend.html: 0
[2015-05-04 23:03:11] EDIT main/views/default/pend.html: 0
[2015-05-04 23:03:13] EDIT main/views/default/pend.html: 0
[2015-05-04 23:03:32] EDIT main/controllers/default.py: 1
[2015-05-04 23:04:25] EDIT main/controllers/default.py: 0
[2015-05-04 23:04:26] EDIT main/controllers/default.py: 0
[2015-05-04 23:05:44] EDIT main/controllers/default.py: 5
[2015-05-04 23:05:45] EDIT main/controllers/default.py: 0
[2015-05-04 23:05:52] EDIT main/controllers/default.py: 0
[2015-05-04 23:05:52] EDIT main/controllers/default.py: 0
[2015-05-04 23:05:52] EDIT main/controllers/default.py: 0
[2015-05-04 23:06:06] EDIT main/controllers/default.py: 0
[2015-05-04 23:06:06] EDIT main/controllers/default.py: 0
[2015-05-04 23:09:03] EDIT main/views/default/first.html: 0
[2015-05-04 23:09:19] EDIT main/views/default/first.html: 0
[2015-05-04 23:11:27] EDIT main/views/default/first.html: 0
[2015-05-04 23:11:51] EDIT main/views/default/first.html: 0
[2015-05-04 23:12:30] EDIT main/views/default/first.html: 0
[2015-05-04 23:12:56] EDIT main/views/default/first.html: 0
[2015-05-04 23:13:15] EDIT main/views/default/first.html: 0
[2015-05-04 23:13:36] EDIT main/views/default/first.html: 0
[2015-05-04 23:13:37] EDIT main/views/default/first.html: 0
[2015-05-04 23:13:37] EDIT main/views/default/first.html: 0
[2015-05-04 23:16:59] EDIT main/controllers/default.py: 0
[2015-05-04 23:40:35] EDIT main/controllers/default.py: 0
[2015-05-05 00:02:11] EDIT main/views/default/success.html: 5
[2015-05-05 00:03:02] EDIT main/views/default/success.html: 0
[2015-05-05 00:03:34] EDIT main/views/default/success.html: 0
[2015-05-05 00:04:16] EDIT main/views/default/pend.html: 0
[2015-05-05 00:05:04] EDIT main/models/db1.py: 0
[2015-05-05 00:40:24] EDIT main/models/menu.py: 0
[2015-05-05 00:44:23] EDIT main/models/menu.py: 0
[2015-05-05 00:45:18] EDIT main/models/menu.py: 0
[2015-05-05 00:46:04] EDIT main/views/default/pend.html: 2
[2015-05-05 00:46:38] EDIT main/views/default/pend.html: 0
[2015-05-05 01:20:02] EDIT main/views/default/pend.html: 0
[2015-05-05 01:20:07] EDIT main/views/default/pend.html: 0
[2015-05-05 01:20:08] EDIT main/views/default/pend.html: 0
[2015-05-05 01:20:09] EDIT main/views/default/pend.html: 0
[2015-05-05 01:20:10] EDIT main/views/default/pend.html: 0
[2015-05-05 01:20:11] EDIT main/views/default/pend.html: 0
[2015-05-05 01:20:11] EDIT main/views/default/pend.html: 0
[2015-05-05 01:20:12] EDIT main/views/default/pend.html: 0
[2015-05-05 01:20:13] EDIT main/views/default/pend.html: 0
[2015-05-05 01:20:15] EDIT main/views/default/pend.html: 0
[2015-05-05 01:20:16] EDIT main/views/default/pend.html: 0
[2015-05-05 01:24:28] EDIT main/views/default/pend.html: 1
[2015-05-05 01:24:47] EDIT main/views/default/pend.html: 2
[2015-05-05 01:24:49] EDIT main/views/default/pend.html: 0
[2015-05-05 01:28:40] EDIT main/views/default/pend.html: 0
[2015-05-05 01:32:15] EDIT main/views/default/cart.html: 1
[2015-05-05 01:33:20] EDIT main/views/default/cart.html: 2
[2015-05-05 01:34:53] EDIT main/views/default/cart.html: -1
[2015-05-05 01:34:59] EDIT main/views/default/cart.html: -2
[2015-05-05 01:34:59] EDIT main/views/default/cart.html: 0
[2015-05-05 01:36:23] EDIT main/views/default/pend.html: 0
[2015-05-05 01:36:24] EDIT main/views/default/pend.html: 0
[2015-05-05 01:36:24] EDIT main/views/default/pend.html: 0
[2015-05-05 01:36:24] EDIT main/views/default/pend.html: 0
[2015-05-05 01:36:48] EDIT main/views/default/pend.html: 2
[2015-05-05 01:37:58] EDIT main/controllers/default.py: 3
[2015-05-05 01:47:55] EDIT main/controllers/default.py: 3
[2015-05-05 01:48:31] EDIT main/controllers/default.py: 0
[2015-05-05 01:48:33] EDIT main/controllers/default.py: 0
[2015-05-05 01:48:41] EDIT main/controllers/default.py: 0
[2015-05-05 01:49:04] EDIT main/controllers/default.py: 0
[2015-05-05 01:51:28] EDIT main/controllers/default.py: -1
[2015-05-05 01:52:01] EDIT main/controllers/default.py: 0
[2015-05-05 01:52:03] EDIT main/controllers/default.py: 0
[2015-05-05 01:52:04] EDIT main/controllers/default.py: 0
[2015-05-05 01:54:21] EDIT main/controllers/default.py: 0
[2015-05-05 01:54:23] EDIT main/controllers/default.py: 0
[2015-05-05 01:54:55] EDIT main/controllers/default.py: 0
[2015-05-05 01:55:27] EDIT main/controllers/default.py: 0
[2015-05-05 01:56:27] EDIT main/controllers/default.py: 0
[2015-05-05 01:56:42] EDIT main/controllers/default.py: 0
[2015-05-05 02:14:05] EDIT main/models/db1.py: 0
[2015-05-05 02:14:46] EDIT main/views/default/cart.html: 0
[2015-05-05 02:15:21] EDIT main/views/default/cart.html: 0
[2015-05-05 02:15:22] EDIT main/views/default/cart.html: 0
[2015-05-05 02:15:53] EDIT main/views/default/cart.html: 0
[2015-05-05 02:16:34] EDIT main/views/default/cart.html: 0
[2015-05-05 02:17:12] EDIT main/views/default/pend.html: 4
[2015-05-05 02:17:41] EDIT main/views/default/pend.html: -1
[2015-05-05 02:18:12] EDIT main/views/default/pend.html: 0
[2015-05-05 02:20:09] EDIT main/controllers/default.py: 0
[2015-05-05 02:20:19] EDIT main/controllers/default.py: 0
[2015-05-05 02:21:58] EDIT main/controllers/default.py: 0
[2015-05-05 02:30:23] EDIT main/controllers/default.py: 0
[2015-05-05 02:35:54] EDIT main/controllers/default.py: 0
[2015-05-05 02:35:56] EDIT main/controllers/default.py: 0
[2015-05-05 02:36:03] EDIT main/controllers/default.py: 0
[2015-05-05 02:36:04] EDIT main/controllers/default.py: 0
[2015-05-05 02:36:09] EDIT main/controllers/default.py: 0
[2015-05-05 02:36:11] EDIT main/controllers/default.py: 0
[2015-05-05 02:36:26] EDIT main/controllers/default.py: 0
[2015-05-05 02:36:28] EDIT main/controllers/default.py: 0
[2015-05-05 02:36:39] EDIT main/controllers/default.py: 0
[2015-05-05 02:41:17] EDIT main/controllers/default.py: 0
[2015-05-05 02:41:19] EDIT main/controllers/default.py: 0
[2015-05-05 02:41:20] EDIT main/controllers/default.py: 0
[2015-05-05 02:41:21] EDIT main/controllers/default.py: 0
[2015-05-05 02:41:39] EDIT main/controllers/default.py: 0
[2015-05-05 02:41:41] EDIT main/controllers/default.py: 0
[2015-05-05 02:41:47] EDIT main/controllers/default.py: 0
[2015-05-05 02:41:58] EDIT main/controllers/default.py: 0
[2015-05-05 02:42:00] EDIT main/controllers/default.py: 0
[2015-05-05 02:43:44] EDIT main/controllers/default.py: 1
[2015-05-05 02:44:08] EDIT main/controllers/default.py: 0
[2015-05-05 02:45:25] EDIT main/controllers/default.py: 0
[2015-05-05 02:47:06] EDIT main/controllers/default.py: -1
[2015-05-05 02:47:18] EDIT main/views/default/pend.html: 0
[2015-05-05 02:47:25] EDIT main/views/default/pend.html: 1
[2015-05-05 02:47:26] EDIT main/views/default/pend.html: 0
[2015-05-05 02:47:48] EDIT main/views/default/pend.html: 0
[2015-05-05 02:49:54] EDIT main/views/default/pend.html: -1
[2015-05-05 02:51:28] EDIT main/views/default/pend.html: 0
[2015-05-05 02:51:41] EDIT main/views/default/pend.html: 0
[2015-05-05 02:51:41] EDIT main/views/default/pend.html: 0
[2015-05-05 02:53:43] EDIT main/views/default/pend.html: 0
[2015-05-05 02:55:15] EDIT main/views/default/pend.html: 0
[2015-05-05 02:56:15] EDIT main/views/default/pend.html: 1
[2015-05-05 02:58:42] EDIT main/views/default/pend.html: 0
[2015-05-05 03:02:48] EDIT main/models/db1.py: 0
[2015-05-05 03:05:26] EDIT main/models/db1.py: 0
[2015-05-05 03:05:27] EDIT main/models/db1.py: 0
[2015-05-05 03:05:28] EDIT main/models/db1.py: 0
[2015-05-05 03:06:01] EDIT main/models/db1.py: 0
[2015-05-05 03:06:12] EDIT main/models/db1.py: 0
[2015-05-05 03:08:04] EDIT main/models/db1.py: 0
[2015-05-05 03:12:14] EDIT main/models/db1.py: 0
[2015-05-05 03:15:22] EDIT main/models/db1.py: 0
[2015-05-05 03:15:23] EDIT main/models/db1.py: 0
[2015-05-05 03:25:49] EDIT main/views/default/pend.html: 0
[2015-05-05 03:26:26] EDIT main/views/default/pend.html: -1
[2015-05-05 03:27:25] EDIT main/views/default/pend.html: 1
[2015-05-05 03:33:06] EDIT main/views/default/cart.html: 3
[2015-05-05 03:33:48] EDIT main/views/default/cart.html: -3
[2015-05-05 03:36:24] EDIT main/views/default/cart.html: 0
[2015-05-05 03:38:17] EDIT main/controllers/default.py: 1
[2015-05-05 03:38:52] EDIT main/controllers/default.py: -1
[2015-05-05 03:41:03] EDIT main/views/default/cart.html: 2
[2015-05-05 03:42:07] EDIT main/views/default/cart.html: -1
[2015-05-05 03:43:07] EDIT main/views/default/cart.html: 1
[2015-05-05 03:44:38] EDIT main/views/default/cart.html: 1
[2015-05-05 03:45:06] EDIT main/views/default/cart.html: 0
[2015-05-05 04:12:11] EDIT main/views/default/cart.html: 0
[2015-05-05 04:19:27] EDIT main/views/default/second.html: 2
[2015-05-05 04:21:23] EDIT main/views/default/second.html: 0
[2015-05-05 04:23:29] EDIT main/views/default/second.html: 0
[2015-05-05 04:31:08] EDIT main/models/menu.py: 0
[2015-05-05 04:32:36] EDIT main/views/default/second.html: 0
[2015-05-05 04:34:26] EDIT main/views/default/second.html: 0
[2015-05-05 04:35:10] EDIT main/views/default/second.html: 0
[2015-05-05 04:35:11] EDIT main/views/default/second.html: 0
[2015-05-05 04:35:54] EDIT main/views/default/second.html: 0
[2015-05-05 04:36:41] EDIT main/views/default/second.html: 0
[2015-05-05 04:37:12] EDIT main/views/default/second.html: 0
[2015-05-05 04:37:49] EDIT main/views/default/second.html: 0
[2015-05-05 04:40:07] EDIT main/views/default/second.html: 0
[2015-05-05 05:42:06] EDIT main/models/menu.py: 0
[2015-05-05 05:43:15] EDIT main/models/db1.py: 0
[2015-05-05 05:43:37] EDIT main/models/db1.py: 0
[2015-05-05 05:45:06] EDIT main/models/db1.py: 0
[2015-05-05 05:46:39] EDIT main/controllers/default.py: 0
[2015-05-05 05:47:24] EDIT main/views/default/addrest.html: 0
[2015-05-05 05:48:26] EDIT main/views/default/addrest.html: 0
[2015-05-05 05:50:35] EDIT main/views/default/addrest.html: 3
[2015-05-05 05:51:34] EDIT main/views/default/addrest.html: 2
[2015-05-05 05:52:10] EDIT main/views/default/addrest.html: 3
[2015-05-05 05:52:29] EDIT main/views/default/addrest.html: 0
[2015-05-05 05:52:43] EDIT main/views/default/addrest.html: 0
[2015-05-05 05:58:33] EDIT main/views/default/addrest.html: 0
[2015-05-05 05:58:53] EDIT main/views/default/addrest.html: 0
[2015-05-05 06:02:13] EDIT main/models/db1.py: 3
[2015-05-05 06:02:34] EDIT main/views/default/addrest.html: 0
[2015-05-05 06:05:25] EDIT main/models/db1.py: 1
[2015-05-05 06:05:49] EDIT main/models/db1.py: 0
[2015-05-05 06:05:56] EDIT main/models/db1.py: -3
[2015-05-05 06:07:11] EDIT main/models/db1.py: 1
[2015-05-05 06:07:28] EDIT main/models/db1.py: 0
[2015-05-05 06:07:56] EDIT main/models/db1.py: 0
[2015-05-05 06:09:58] EDIT main/models/db1.py: 0
[2015-05-05 06:11:44] EDIT main/controllers/default.py: 0
[2015-05-05 06:12:45] EDIT main/controllers/default.py: 0
[2015-05-05 06:14:14] EDIT main/controllers/default.py: 0
[2015-05-05 06:15:44] EDIT main/models/db1.py: 0
[2015-05-05 06:16:04] EDIT main/views/default/first.html: 2
[2015-05-05 06:28:25] EDIT main/models/db1.py: 0
[2015-05-05 06:29:25] EDIT main/controllers/default.py: 2
[2015-05-05 06:32:33] EDIT main/views/default/first.html: 0
[2015-05-05 06:36:34] EDIT main/views/default/second.html: 0
[2015-05-05 06:36:47] EDIT main/views/default/second.html: 0
[2015-05-05 07:58:18] EDIT main/models/db1.py: 1
[2015-05-05 07:58:59] EDIT main/models/db1.py: 0
[2015-05-05 08:00:46] DELETE main/views/default/display.html: -14
[2015-05-05 08:01:20] CREATE default/restdisplay.html: 0
[2015-05-05 08:02:39] EDIT main/controllers/default.py: 0
[2015-05-05 08:03:27] EDIT main/controllers/default.py: 9
[2015-05-05 08:03:56] CREATE default/menudisplay.html: 0
[2015-05-05 08:05:25] EDIT main/views/default/restdisplay.html: 3
[2015-05-05 08:06:21] EDIT main/views/default/restdisplay.html: 7
[2015-05-05 08:07:32] EDIT main/views/default/restdisplay.html: 0
[2015-05-05 08:08:24] EDIT main/views/default/restdisplay.html: 0
[2015-05-05 08:10:57] EDIT main/views/default/menudisplay.html: 10
[2015-05-05 08:12:08] EDIT main/views/default/menudisplay.html: 0
[2015-05-05 08:12:08] EDIT main/views/default/menudisplay.html: 0
[2015-05-05 08:12:39] EDIT main/views/default/menudisplay.html: 0
[2015-05-05 08:13:55] EDIT main/controllers/default.py: 0
[2015-05-05 08:14:43] EDIT main/controllers/default.py: 0
[2015-05-05 08:15:06] EDIT main/controllers/default.py: -1
[2015-05-05 08:15:27] EDIT main/controllers/default.py: 0
[2015-05-05 08:17:33] EDIT main/controllers/default.py: 4
[2015-05-05 08:18:13] EDIT main/views/default/menudisplay.html: 0
[2015-05-05 08:21:44] EDIT main/views/default/addrest.html: 1
[2015-05-05 08:22:25] EDIT main/views/default/addrest.html: 2
[2015-05-05 08:22:45] EDIT main/views/default/addmenu.html: 3
[2015-05-05 08:24:24] EDIT main/views/default/addmenu.html: 0
[2015-05-05 08:24:55] EDIT main/views/default/addmenu.html: 0
[2015-05-05 08:25:21] EDIT main/views/default/addmenu.html: 0
[2015-05-05 08:25:30] EDIT main/views/default/addmenu.html: 0
[2015-05-05 08:25:41] EDIT main/views/default/addmenu.html: 0
[2015-05-05 08:27:16] EDIT main/views/default/addmenu.html: 1
[2015-05-05 08:27:21] EDIT main/views/default/addmenu.html: -1
[2015-05-05 08:27:40] EDIT main/views/default/addmenu.html: -2
[2015-05-05 08:27:42] EDIT main/views/default/addmenu.html: 0
[2015-05-05 08:28:33] EDIT main/views/default/addmenu.html: 2
[2015-05-05 08:28:44] EDIT main/views/default/addmenu.html: 0
[2015-05-05 08:29:01] EDIT main/views/default/addmenu.html: 0
[2015-05-05 08:29:10] EDIT main/views/default/addmenu.html: 0
[2015-05-05 08:29:17] EDIT main/views/default/addmenu.html: 0
[2015-05-05 08:31:52] EDIT main/views/default/addmenu.html: 4
[2015-05-05 08:32:21] EDIT main/views/default/addmenu.html: 2
[2015-05-05 08:32:33] EDIT main/views/default/addmenu.html: 0
[2015-05-05 08:34:15] EDIT main/views/default/menudisplay.html: 2
[2015-05-05 08:34:43] EDIT main/views/default/menudisplay.html: 0
[2015-05-05 08:36:48] EDIT main/views/default/menudisplay.html: 0
[2015-05-05 08:37:09] EDIT main/views/default/menudisplay.html: 1
[2015-05-05 08:38:59] EDIT main/views/default/menudisplay.html: 2
[2015-05-05 08:40:38] EDIT main/controllers/default.py: 4
[2015-05-05 08:41:03] EDIT main/controllers/default.py: 1
[2015-05-05 08:41:38] EDIT main/views/default/menudisplay.html: 0
[2015-05-05 08:45:58] EDIT main/views/default/restdisplay.html: 2
[2015-05-05 08:46:10] EDIT main/views/default/restdisplay.html: 0
[2015-05-05 08:46:17] EDIT main/views/default/restdisplay.html: 0
[2015-05-05 08:46:40] EDIT main/views/default/restdisplay.html: 1
[2015-05-05 08:47:25] EDIT main/controllers/default.py: 6
[2015-05-05 08:47:37] EDIT main/controllers/default.py: 0
[2015-05-05 08:47:50] EDIT main/controllers/default.py: 0
[2015-05-05 08:48:59] EDIT main/views/default/addrest.html: 0
[2015-05-05 08:49:07] EDIT main/views/default/addrest.html: 0
[2015-05-05 08:50:19] EDIT main/views/default/addrest.html: 0
[2015-05-05 08:50:40] EDIT main/views/default/restdisplay.html: 2
[2015-05-05 08:51:13] EDIT main/controllers/default.py: 1
[2015-05-05 08:52:31] EDIT main/controllers/default.py: 1
[2015-05-05 08:53:26] EDIT main/controllers/default.py: 0
[2015-05-05 08:56:14] EDIT main/views/default/addrest.html: 0
[2015-05-05 08:56:45] EDIT main/views/default/addrest.html: 0
[2015-05-05 08:57:21] EDIT main/views/default/addrest.html: 4
[2015-05-05 08:57:35] EDIT main/views/default/addrest.html: 0
[2015-05-05 08:57:46] EDIT main/views/default/addrest.html: 0
[2015-05-05 08:58:00] EDIT main/views/default/addrest.html: -1
[2015-05-05 09:04:40] EDIT main/views/default/restdisplay.html: -5
[2015-05-05 09:05:08] EDIT main/controllers/default.py: 0
[2015-05-05 09:08:46] EDIT main/views/default/second.html: 1
[2015-05-05 09:09:12] EDIT main/views/default/second.html: 2
[2015-05-05 09:09:27] EDIT main/controllers/default.py: 0
[2015-05-05 09:12:21] EDIT main/controllers/default.py: -8
[2015-05-05 09:17:29] EDIT main/controllers/default.py: 0
[2015-05-05 09:26:41] EDIT main/controllers/default.py: 0
[2015-05-05 09:30:58] EDIT main/views/default/first.html: 2
[2015-05-05 09:32:27] EDIT main/controllers/default.py: 0
[2015-05-05 09:32:47] EDIT main/controllers/default.py: 0
[2015-05-05 09:33:24] EDIT main/views/default/first.html: -2
[2015-05-05 09:34:38] EDIT main/views/default/first.html: 0
[2015-05-05 09:34:54] EDIT main/controllers/default.py: 0
[2015-05-05 09:35:19] EDIT main/controllers/default.py: 0
[2015-05-05 09:35:36] EDIT main/views/default/second.html: -3
[2015-05-05 09:36:04] EDIT main/controllers/default.py: 0
[2015-05-05 09:36:05] EDIT main/controllers/default.py: 0
[2015-05-05 09:36:16] EDIT main/controllers/default.py: 0
[2015-05-05 09:42:02] EDIT main/views/default/restdisplay.html: 1
[2015-05-05 09:42:19] EDIT main/views/default/restdisplay.html: 1
[2015-05-05 09:42:40] EDIT main/views/default/restdisplay.html: 2
[2015-05-05 09:42:58] EDIT main/views/default/second.html: 0
[2015-05-05 09:43:47] EDIT main/controllers/default.py: 6
[2015-05-05 09:44:02] EDIT main/controllers/default.py: 1
[2015-05-05 09:44:06] EDIT main/controllers/default.py: 0
[2015-05-05 09:44:26] EDIT main/controllers/default.py: 1
[2015-05-05 09:44:40] EDIT main/controllers/default.py: 0
[2015-05-05 10:21:26] DELETE main/static/dislike.jpg: -58
[2015-05-05 10:21:54] UPLOAD /home/lashit/web2py/web2py/applications/main/static/dislike.jpg: 36
[2015-05-05 10:22:20] DELETE main/static/like.jpg: -37
[2015-05-05 10:24:22] UPLOAD /home/lashit/web2py/web2py/applications/main/static/like.jpg: 21
[2015-05-05 10:30:22] EDIT main/views/default/first.html: 0
[2015-05-05 10:31:26] EDIT main/views/default/first.html: 0
[2015-05-05 10:32:40] EDIT main/views/default/second.html: 0
[2015-05-05 10:33:20] EDIT main/views/default/second.html: 0
[2015-05-05 10:33:37] EDIT main/views/default/second.html: 0
[2015-05-05 10:34:46] EDIT main/views/default/second.html: 0
[2015-05-05 10:38:59] EDIT main/views/default/first.html: 0
[2015-05-05 10:39:30] EDIT main/views/default/first.html: 0
[2015-05-05 10:43:23] EDIT main/controllers/default.py: 2
[2015-05-05 10:46:49] EDIT main/controllers/default.py: 2
[2015-05-05 10:47:19] EDIT main/controllers/default.py: 0
[2015-05-05 11:08:37] EDIT main/models/db1.py: 0
[2015-05-05 12:12:23] EDIT main/models/db1.py: 0
[2015-05-05 18:39:13] EDIT main/models/db1.py: 0
[2015-05-05 18:40:28] EDIT main/models/db1.py: -4
[2015-05-05 18:41:43] EDIT main/models/db1.py: -1
[2015-05-05 18:41:44] EDIT main/models/db1.py: 0
[2015-05-05 18:41:59] EDIT main/models/db1.py: 0
[2015-05-05 18:42:00] EDIT main/models/db1.py: 0
[2015-05-05 18:44:21] EDIT main/controllers/default.py: -5
[2015-05-05 18:44:53] EDIT main/controllers/default.py: -4
[2015-05-05 18:45:31] EDIT main/controllers/default.py: 0
[2015-05-05 18:45:31] EDIT main/controllers/default.py: 0
[2015-05-05 18:45:50] EDIT main/controllers/default.py: -7
[2015-05-05 18:45:51] EDIT main/controllers/default.py: 0
[2015-05-05 18:46:01] EDIT main/controllers/default.py: 0
[2015-05-05 18:46:19] EDIT main/controllers/default.py: 0
[2015-05-05 18:47:33] EDIT main/controllers/default.py: -3
[2015-05-05 18:47:36] EDIT main/controllers/default.py: 0
[2015-05-05 18:47:51] EDIT main/controllers/default.py: -1
[2015-05-05 18:47:52] EDIT main/controllers/default.py: 0
[2015-05-05 18:47:52] EDIT main/controllers/default.py: 0
[2015-05-05 18:48:18] EDIT main/controllers/default.py: 0
[2015-05-05 18:49:27] EDIT main/controllers/default.py: -7
[2015-05-05 18:49:28] EDIT main/controllers/default.py: 0
[2015-05-05 18:50:46] EDIT main/controllers/default.py: -7
[2015-05-05 18:50:47] EDIT main/controllers/default.py: 0
[2015-05-05 18:50:54] EDIT main/controllers/default.py: 0
[2015-05-05 18:51:53] EDIT main/controllers/default.py: 0
[2015-05-05 18:52:43] EDIT main/controllers/default.py: 0
[2015-05-05 18:53:07] EDIT main/models/db1.py: 0
[2015-05-05 18:54:09] EDIT main/models/db1.py: 0
[2015-05-05 18:54:52] EDIT main/models/db1.py: 0
[2015-05-05 18:54:56] EDIT main/models/db1.py: 0
[2015-05-05 18:55:36] EDIT main/models/db1.py: 0
[2015-05-05 18:56:29] EDIT main/models/db1.py: -6
[2015-05-05 18:56:29] EDIT main/models/db1.py: 0
[2015-05-05 18:57:00] EDIT main/models/db1.py: 0
[2015-05-05 18:58:18] EDIT main/models/menu.py: 0
[2015-05-05 18:58:36] EDIT main/models/menu.py: 0
[2015-05-05 18:59:05] EDIT main/models/menu.py: 0
[2015-05-05 19:01:31] EDIT main/models/menu.py: -4
[2015-05-05 19:02:53] EDIT main/models/menu.py: 0
[2015-05-05 19:02:54] EDIT main/models/menu.py: 0
[2015-05-05 19:03:02] EDIT main/models/menu.py: 0
[2015-05-05 19:03:04] EDIT main/models/menu.py: 0
[2015-05-05 19:03:04] EDIT main/models/menu.py: 0
[2015-05-05 19:03:31] EDIT main/models/menu.py: 0
[2015-05-05 19:03:33] EDIT main/models/menu.py: 0
[2015-05-05 19:10:03] EDIT main/models/menu.py: 0
[2015-05-05 19:13:05] EDIT main/models/menu.py: 0
[2015-05-05 19:13:48] EDIT main/views/default/index.html: 3
[2015-05-05 19:13:48] EDIT main/views/default/index.html: 0
[2015-05-05 19:14:25] EDIT main/views/default/index.html: 0
[2015-05-05 19:18:05] EDIT main/views/default/index.html: 0
[2015-05-05 19:19:55] EDIT main/views/default/index.html: -1
[2015-05-05 19:21:17] EDIT main/models/menu.py: 0
[2015-05-05 19:21:29] EDIT main/models/menu.py: 0
[2015-05-05 19:21:37] EDIT main/models/menu.py: 0
[2015-05-05 19:21:58] EDIT main/models/menu.py: -1
[2015-05-05 19:27:27] EDIT main/models/menu.py: 4
[2015-05-05 19:27:43] EDIT main/models/menu.py: -4
[2015-05-05 19:28:57] EDIT main/views/default/index.html: 4
[2015-05-05 19:29:05] EDIT main/views/default/index.html: 0
[2015-05-05 19:29:10] EDIT main/views/default/index.html: 1
[2015-05-05 19:30:03] EDIT main/views/default/index.html: 0
[2015-05-05 19:31:40] EDIT main/views/default/index.html: 0
[2015-05-05 19:31:47] EDIT main/views/default/index.html: 0
[2015-05-05 19:34:49] EDIT main/models/menu.py: 0
[2015-05-05 19:35:31] EDIT main/views/default/index.html: -7
[2015-05-05 19:35:32] EDIT main/views/default/index.html: 0
[2015-05-05 19:36:33] EDIT main/models/menu.py: 4
[2015-05-05 19:36:35] EDIT main/models/menu.py: 0
[2015-05-05 19:38:14] EDIT main/models/menu.py: 5
[2015-05-05 19:38:15] EDIT main/models/menu.py: 0
[2015-05-05 19:38:59] EDIT main/models/menu.py: 0
[2015-05-05 19:39:19] EDIT main/models/menu.py: -2
[2015-05-05 19:39:27] EDIT main/models/menu.py: 0
[2015-05-05 19:39:50] EDIT main/controllers/default.py: 0
[2015-05-05 19:41:28] EDIT main/models/menu.py: 2
[2015-05-05 19:43:58] EDIT main/models/menu.py: 0
[2015-05-05 20:00:59] EDIT main/models/menu.py: 1
[2015-05-05 20:01:25] EDIT main/models/menu.py: 0
[2015-05-05 20:01:41] EDIT main/models/menu.py: 0
[2015-05-05 20:17:04] CREATE default/advert.html: 0
[2015-05-05 20:18:39] CREATE default/adv.html: 0
[2015-05-05 20:20:01] EDIT main/controllers/default.py: 3
[2015-05-05 20:20:37] EDIT main/controllers/default.py: 2
[2015-05-05 20:25:24] EDIT main/models/db1.py: 1
[2015-05-05 20:26:21] EDIT main/models/db1.py: 0
[2015-05-05 20:27:59] EDIT main/controllers/default.py: 0
[2015-05-05 20:54:00] EDIT main/controllers/default.py: -5
[2015-05-05 20:54:16] DELETE main/views/default/advert.html: -3
[2015-05-05 20:54:22] DELETE main/views/default/adv.html: -3
[2015-05-05 20:54:59] EDIT main/models/menu.py: -1
[2015-05-05 20:55:08] EDIT main/models/menu.py: -1
[2015-05-05 21:02:54] EDIT main/views/default/second.html: 0
[2015-05-05 21:07:02] EDIT main/models/db1.py: 0
[2015-05-05 21:12:51] EDIT main/views/default/second.html: 4
[2015-05-05 21:13:02] EDIT main/views/default/second.html: 1
[2015-05-05 21:13:19] EDIT main/views/default/second.html: 0
[2015-05-05 21:13:43] EDIT main/views/default/second.html: 0
[2015-05-05 21:13:57] EDIT main/views/default/second.html: 0
[2015-05-05 21:14:13] EDIT main/views/default/second.html: 0
[2015-05-05 21:17:52] EDIT main/views/default/first.html: 0
